[miller.bslthemes.com/ashley-demo/home-1.html]
[miller.bslthemes.com/ashley-demo/css/plugins/bootstrap-grid.css]
[miller.bslthemes.com/ashley-demo/css/plugins/font-awesome.min.css]
[miller.bslthemes.com/ashley-demo/css/plugins/swiper.min.css]
[backblue.gif]
[fade.gif]
[index.html]
[miller.bslthemes.com/ashley-demo/css/style.css]
[miller.bslthemes.com/ashley-demo/home-2.html]
[miller.bslthemes.com/ashley-demo/portfolio-3.html]
[miller.bslthemes.com/ashley-demo/portfolio-1.html]
[miller.bslthemes.com/ashley-demo/portfolio-2.html]
[miller.bslthemes.com/ashley-demo/services.html]
[miller.bslthemes.com/ashley-demo/service.html]
[miller.bslthemes.com/ashley-demo/blog.html]
[miller.bslthemes.com/ashley-demo/publication.html]
[miller.bslthemes.com/ashley-demo/team.html]
[miller.bslthemes.com/ashley-demo/contact.html]
[miller.bslthemes.com/ashley-demo/404.html]
[miller.bslthemes.com/ashley-demo/project-1.html]
[miller.bslthemes.com/ashley-demo/project-2.html]
[miller.bslthemes.com/ashley-demo/project-3.html]
[miller.bslthemes.com/ashley-demo/project-4.html]
[miller.bslthemes.com/ashley-demo/project-5.html]
[miller.bslthemes.com/ashley-demo/project-6.html]
[miller.bslthemes.com/ashley-demo/img/faces/customers/2.jpg]
[miller.bslthemes.com/ashley-demo/img/photo/1.jpg]
[miller.bslthemes.com/ashley-demo/img/photo/2.jpg]
[miller.bslthemes.com/ashley-demo/img/faces/1.jpg]
[miller.bslthemes.com/ashley-demo/img/faces/3.jpg]
[miller.bslthemes.com/ashley-demo/img/faces/2.jpg]
[miller.bslthemes.com/ashley-demo/img/faces/4.jpg]
[miller.bslthemes.com/ashley-demo/img/partners/1.svg]
[miller.bslthemes.com/ashley-demo/img/partners/2.svg]
[miller.bslthemes.com/ashley-demo/img/blog/1.jpg]
[miller.bslthemes.com/ashley-demo/img/blog/2.jpg]
[miller.bslthemes.com/ashley-demo/js/plugins/jquery.min.js]
[miller.bslthemes.com/ashley-demo/js/plugins/swup.min.js]
[miller.bslthemes.com/ashley-demo/js/plugins/swiper.min.js]
[miller.bslthemes.com/ashley-demo/js/plugins/fancybox.min.js]
[miller.bslthemes.com/ashley-demo/js/plugins/gsap.min.js]
[miller.bslthemes.com/ashley-demo/js/plugins/smooth-scroll.js]
[miller.bslthemes.com/ashley-demo/js/plugins/ScrollTrigger.min.js]
[miller.bslthemes.com/ashley-demo/js/plugins/ScrollTo.min.js]
[miller.bslthemes.com/ashley-demo/home-1.html]
[miller.bslthemes.com/ashley-demo/css/plugins/bootstrap-grid.css]
[miller.bslthemes.com/ashley-demo/js/main.js]
[miller.bslthemes.com/ashley-demo/fonts/webfonts/fa-brands-400.eot]
[miller.bslthemes.com/ashley-demo/fonts/webfonts/fa-brands-400d41d.eot]
[miller.bslthemes.com/ashley-demo/fonts/webfonts/fa-brands-400.woff2]
[miller.bslthemes.com/ashley-demo/fonts/webfonts/fa-brands-400.woff]
[miller.bslthemes.com/ashley-demo/fonts/webfonts/fa-brands-400.ttf]
[miller.bslthemes.com/ashley-demo/fonts/webfonts/fa-brands-400.svg]
[miller.bslthemes.com/ashley-demo/fonts/webfonts/fa-regular-400.eot]
[miller.bslthemes.com/ashley-demo/fonts/webfonts/fa-regular-400d41d.eot]
[miller.bslthemes.com/ashley-demo/fonts/webfonts/fa-regular-400.woff2]
[miller.bslthemes.com/ashley-demo/fonts/webfonts/fa-regular-400.woff]
[miller.bslthemes.com/ashley-demo/fonts/webfonts/fa-regular-400.ttf]
[miller.bslthemes.com/ashley-demo/fonts/webfonts/fa-regular-400.svg]
[miller.bslthemes.com/ashley-demo/fonts/webfonts/fa-solid-900.eot]
[miller.bslthemes.com/ashley-demo/fonts/webfonts/fa-solid-900d41d.eot]
[miller.bslthemes.com/ashley-demo/fonts/webfonts/fa-solid-900.woff2]
[miller.bslthemes.com/ashley-demo/fonts/webfonts/fa-solid-900.woff]
[miller.bslthemes.com/ashley-demo/fonts/webfonts/fa-solid-900.ttf]
[miller.bslthemes.com/ashley-demo/fonts/webfonts/fa-solid-900.svg]
[miller.bslthemes.com/ashley-demo/css/plugins/font-awesome.min.css]
[miller.bslthemes.com/ashley-demo/css/plugins/swiper.min.css]
[miller.bslthemes.com/ashley-demo/css/plugins/fancybox.min.css]
[cdnjs.cloudflare.com/ajax/libs/font-awesome/5.15.0/css/all.min.css]
[miller.bslthemes.com/ashley-demo/img/faces/customers/4.jpg]
[miller.bslthemes.com/ashley-demo/img/faces/customers/5.jpg]
[miller.bslthemes.com/ashley-demo/img/faces/customers/6.jpg]
[miller.bslthemes.com/ashley-demo/img/faces/customers/7.jpg]
[miller.bslthemes.com/ashley-demo/css/style.css]
[miller.bslthemes.com/ashley-demo/img/faces/large/1.png]
[miller.bslthemes.com/ashley-demo/home-2.html]
[miller.bslthemes.com/ashley-demo/img/works/1.jpg]
[miller.bslthemes.com/ashley-demo/img/works/2.jpg]
[miller.bslthemes.com/ashley-demo/img/works/3.jpg]
[miller.bslthemes.com/ashley-demo/img/works/4.jpg]
[miller.bslthemes.com/ashley-demo/img/works/5.jpg]
[miller.bslthemes.com/ashley-demo/img/works/6.jpg]
[miller.bslthemes.com/ashley-demo/portfolio-3.html]
[miller.bslthemes.com/ashley-demo/portfolio-1.html]
[miller.bslthemes.com/ashley-demo/portfolio-2.html]
[miller.bslthemes.com/ashley-demo/services.html]
[miller.bslthemes.com/ashley-demo/service.html]
[miller.bslthemes.com/ashley-demo/blog-inner.html]
[miller.bslthemes.com/ashley-demo/img/blog/3.jpg]
[miller.bslthemes.com/ashley-demo/img/blog/4.jpg]
[miller.bslthemes.com/ashley-demo/img/blog/5.jpg]
[miller.bslthemes.com/ashley-demo/img/blog/6.jpg]
[miller.bslthemes.com/ashley-demo/blog.html]
[miller.bslthemes.com/ashley-demo/img/blog/7.jpg]
[miller.bslthemes.com/ashley-demo/img/blog/8.jpg]
[miller.bslthemes.com/ashley-demo/publication.html]
[miller.bslthemes.com/ashley-demo/img/faces/5.jpg]
[miller.bslthemes.com/ashley-demo/img/faces/6.jpg]
[miller.bslthemes.com/ashley-demo/img/faces/7.jpg]
[miller.bslthemes.com/ashley-demo/img/faces/8.jpg]
[miller.bslthemes.com/ashley-demo/team.html]
[miller.bslthemes.com/ashley-demo/contact.html]
[miller.bslthemes.com/ashley-demo/404.html]
[miller.bslthemes.com/ashley-demo/img/works/1/1.jpg]
[miller.bslthemes.com/ashley-demo/img/icons/zoom.svg]
[miller.bslthemes.com/ashley-demo/img/works/1/2.jpg]
[miller.bslthemes.com/ashley-demo/img/works/1/3.jpg]
[miller.bslthemes.com/ashley-demo/img/works/1/4.jpg]
[miller.bslthemes.com/ashley-demo/img/works/1/5.jpg]
[miller.bslthemes.com/ashley-demo/img/works/1/6.jpg]
[miller.bslthemes.com/ashley-demo/img/works/1/7.jpg]
[miller.bslthemes.com/ashley-demo/project-1.html]
[miller.bslthemes.com/ashley-demo/img/works/2/1.gif]
[miller.bslthemes.com/ashley-demo/img/works/2/2.jpg]
[miller.bslthemes.com/ashley-demo/img/works/2/3.jpg]
[miller.bslthemes.com/ashley-demo/img/works/2/4.jpg]
[miller.bslthemes.com/ashley-demo/project-2.html]
[miller.bslthemes.com/ashley-demo/img/works/3/1.jpg]
[miller.bslthemes.com/ashley-demo/img/works/3/2.jpg]
[miller.bslthemes.com/ashley-demo/img/works/3/3.jpg]
[miller.bslthemes.com/ashley-demo/img/works/3/4.jpg]
[miller.bslthemes.com/ashley-demo/project-3.html]
[miller.bslthemes.com/ashley-demo/img/works/4/1.jpg]
[miller.bslthemes.com/ashley-demo/img/works/4/2.jpg]
[miller.bslthemes.com/ashley-demo/img/works/4/3.jpg]
[miller.bslthemes.com/ashley-demo/img/works/4/4.jpg]
[miller.bslthemes.com/ashley-demo/img/works/4/5.jpg]
[miller.bslthemes.com/ashley-demo/img/works/4/6.jpg]
[miller.bslthemes.com/ashley-demo/img/works/4/7.jpg]
[miller.bslthemes.com/ashley-demo/project-4.html]
[miller.bslthemes.com/ashley-demo/img/works/5/1.jpg]
[miller.bslthemes.com/ashley-demo/img/works/5/2.jpg]
[miller.bslthemes.com/ashley-demo/img/works/5/3.gif]
[miller.bslthemes.com/ashley-demo/img/works/5/4.jpg]
[miller.bslthemes.com/ashley-demo/img/works/5/6.jpg]
[miller.bslthemes.com/ashley-demo/img/works/5/7.gif]
[miller.bslthemes.com/ashley-demo/project-5.html]
[miller.bslthemes.com/ashley-demo/img/works/6/2.gif]
[miller.bslthemes.com/ashley-demo/img/works/6/3.jpg]
[miller.bslthemes.com/ashley-demo/img/works/6/4.gif]
[miller.bslthemes.com/ashley-demo/img/works/6/5.jpg]
[miller.bslthemes.com/ashley-demo/img/works/6/6.jpg]
[miller.bslthemes.com/ashley-demo/img/works/6/7.jpg]
[miller.bslthemes.com/ashley-demo/img/works/6/8.jpg]
[miller.bslthemes.com/ashley-demo/project-6.html]
[miller.bslthemes.com/ashley-demo/img/partners/1.svg]
[miller.bslthemes.com/ashley-demo/img/partners/2.svg]
[miller.bslthemes.com/ashley-demo/fonts/webfonts/fa-brands-400.html]
[miller.bslthemes.com/ashley-demo/fonts/webfonts/fa-brands-400d41d.html]
[miller.bslthemes.com/ashley-demo/fonts/webfonts/fa-brands-401.html]
[miller.bslthemes.com/ashley-demo/fonts/webfonts/fa-brands-402.html]
[miller.bslthemes.com/ashley-demo/fonts/webfonts/fa-brands-403.html]
[miller.bslthemes.com/ashley-demo/fonts/webfonts/fa-brands-404.html]
[miller.bslthemes.com/ashley-demo/fonts/webfonts/fa-regular-400.html]
[miller.bslthemes.com/ashley-demo/fonts/webfonts/fa-regular-400d41d.html]
[miller.bslthemes.com/ashley-demo/fonts/webfonts/fa-regular-401.html]
[miller.bslthemes.com/ashley-demo/fonts/webfonts/fa-regular-402.html]
[miller.bslthemes.com/ashley-demo/fonts/webfonts/fa-regular-403.html]
[miller.bslthemes.com/ashley-demo/fonts/webfonts/fa-regular-404.html]
[miller.bslthemes.com/ashley-demo/fonts/webfonts/fa-solid-900.html]
[miller.bslthemes.com/ashley-demo/fonts/webfonts/fa-solid-900d41d.html]
[miller.bslthemes.com/ashley-demo/fonts/webfonts/fa-solid-901.html]
[miller.bslthemes.com/ashley-demo/fonts/webfonts/fa-solid-902.html]
[miller.bslthemes.com/ashley-demo/fonts/webfonts/fa-solid-903.html]
[miller.bslthemes.com/ashley-demo/fonts/webfonts/fa-solid-904.html]
[cdnjs.cloudflare.com/ajax/libs/font-awesome/5.15.0/css/all.min.css]
[miller.bslthemes.com/ashley-demo/blog-inner.html]
[miller.bslthemes.com/ashley-demo/img/icons/zoom.svg]
[miller.bslthemes.com/ashley-demo/img/works/5/5.gif]
[miller.bslthemes.com/ashley-demo/img/faces/customers/1.jpg]
[miller.bslthemes.com/ashley-demo/img/faces/customers/3.jpg]
[miller.bslthemes.com/ashley-demo/img/works/6/1.jpg]
